2024-02-09 17:17:05,396 INFO supervisord started with pid 1
2024-02-09 17:17:06,400 INFO spawned: 'fastapi' with pid 9
2024-02-09 17:17:06,403 INFO spawned: 'jupyter' with pid 10
2024-02-09 17:17:07,926 INFO success: fastapi entered RUNNING state, process has stayed up for > than 1 seconds (startsecs)
2024-02-09 17:17:07,931 INFO success: jupyter entered RUNNING state, process has stayed up for > than 1 seconds (startsecs)
2024-02-09 17:19:04,190 WARN received SIGTERM indicating exit request
2024-02-09 17:19:04,193 INFO waiting for fastapi, jupyter to die
2024-02-09 17:19:04,300 INFO stopped: jupyter (exit status 0)
2024-02-09 17:19:04,457 INFO stopped: fastapi (exit status 0)
2024-02-09 17:30:47,715 INFO supervisord started with pid 1
2024-02-09 17:30:48,724 INFO spawned: 'fastapi' with pid 9
2024-02-09 17:30:48,728 INFO spawned: 'jupyter' with pid 10
2024-02-09 17:30:49,984 INFO success: fastapi entered RUNNING state, process has stayed up for > than 1 seconds (startsecs)
2024-02-09 17:30:49,984 INFO success: jupyter entered RUNNING state, process has stayed up for > than 1 seconds (startsecs)
2024-02-09 18:39:02,532 WARN received SIGTERM indicating exit request
2024-02-09 18:39:02,535 INFO waiting for fastapi, jupyter to die
2024-02-09 18:39:03,960 INFO stopped: jupyter (exit status 0)
2024-02-09 18:39:04,279 INFO stopped: fastapi (exit status 0)
2024-02-09 20:24:09,996 INFO supervisord started with pid 1
2024-02-09 20:24:10,999 INFO spawned: 'fastapi' with pid 9
2024-02-09 20:24:11,003 INFO spawned: 'jupyter' with pid 10
2024-02-09 20:24:12,655 INFO success: fastapi entered RUNNING state, process has stayed up for > than 1 seconds (startsecs)
2024-02-09 20:24:12,655 INFO success: jupyter entered RUNNING state, process has stayed up for > than 1 seconds (startsecs)
2024-02-09 20:29:08,747 WARN received SIGTERM indicating exit request
2024-02-09 20:29:08,747 INFO waiting for fastapi, jupyter to die
2024-02-09 20:29:10,136 INFO stopped: jupyter (exit status 0)
2024-02-09 20:29:10,324 INFO stopped: fastapi (exit status 0)
2024-02-09 20:29:11,128 INFO supervisord started with pid 1
2024-02-09 20:29:12,131 INFO spawned: 'fastapi' with pid 9
2024-02-09 20:29:12,132 INFO spawned: 'jupyter' with pid 10
2024-02-09 20:29:13,640 INFO success: fastapi entered RUNNING state, process has stayed up for > than 1 seconds (startsecs)
2024-02-09 20:29:13,641 INFO success: jupyter entered RUNNING state, process has stayed up for > than 1 seconds (startsecs)
2024-02-09 20:42:34,957 WARN received SIGTERM indicating exit request
2024-02-09 20:42:34,958 INFO waiting for fastapi, jupyter to die
2024-02-09 20:42:36,411 INFO stopped: jupyter (exit status 0)
2024-02-09 20:42:36,641 INFO stopped: fastapi (exit status 0)
2024-02-09 20:42:38,034 INFO supervisord started with pid 1
2024-02-09 20:42:39,037 INFO spawned: 'fastapi' with pid 9
2024-02-09 20:42:39,039 INFO spawned: 'jupyter' with pid 10
2024-02-09 20:42:40,574 INFO success: fastapi entered RUNNING state, process has stayed up for > than 1 seconds (startsecs)
2024-02-09 20:42:40,575 INFO success: jupyter entered RUNNING state, process has stayed up for > than 1 seconds (startsecs)
2024-02-09 21:18:12,721 WARN received SIGTERM indicating exit request
2024-02-09 21:18:12,722 INFO waiting for fastapi, jupyter to die
2024-02-09 21:18:14,025 INFO stopped: jupyter (exit status 0)
2024-02-09 21:18:14,261 INFO stopped: fastapi (exit status 0)
2024-02-09 21:18:15,260 INFO supervisord started with pid 1
2024-02-09 21:18:16,262 INFO spawned: 'fastapi' with pid 9
2024-02-09 21:18:16,264 INFO spawned: 'jupyter' with pid 10
2024-02-09 21:18:17,816 INFO success: fastapi entered RUNNING state, process has stayed up for > than 1 seconds (startsecs)
2024-02-09 21:18:17,816 INFO success: jupyter entered RUNNING state, process has stayed up for > than 1 seconds (startsecs)
2024-02-09 21:31:07,640 WARN received SIGTERM indicating exit request
2024-02-09 21:31:07,640 INFO waiting for fastapi, jupyter to die
2024-02-09 21:31:07,711 INFO stopped: jupyter (exit status 0)
2024-02-09 21:31:07,917 INFO stopped: fastapi (exit status 0)
2024-02-09 21:31:08,837 INFO supervisord started with pid 1
2024-02-09 21:31:09,842 INFO spawned: 'fastapi' with pid 9
2024-02-09 21:31:09,847 INFO spawned: 'jupyter' with pid 10
2024-02-09 21:31:11,340 INFO success: fastapi entered RUNNING state, process has stayed up for > than 1 seconds (startsecs)
2024-02-09 21:31:11,340 INFO success: jupyter entered RUNNING state, process has stayed up for > than 1 seconds (startsecs)
2024-02-09 21:31:29,362 WARN received SIGTERM indicating exit request
2024-02-09 21:31:29,363 INFO waiting for fastapi, jupyter to die
2024-02-09 21:31:29,496 INFO stopped: jupyter (exit status 0)
2024-02-09 21:31:29,661 INFO stopped: fastapi (exit status 0)
2024-02-09 21:31:30,571 INFO supervisord started with pid 1
2024-02-09 21:31:31,575 INFO spawned: 'fastapi' with pid 9
2024-02-09 21:31:31,580 INFO spawned: 'jupyter' with pid 10
2024-02-09 21:31:33,090 INFO success: fastapi entered RUNNING state, process has stayed up for > than 1 seconds (startsecs)
2024-02-09 21:31:33,090 INFO success: jupyter entered RUNNING state, process has stayed up for > than 1 seconds (startsecs)
2024-02-09 21:42:19,455 WARN received SIGTERM indicating exit request
2024-02-09 21:42:19,456 INFO waiting for fastapi, jupyter to die
2024-02-09 21:42:19,585 INFO stopped: jupyter (exit status 0)
2024-02-09 21:42:19,755 INFO stopped: fastapi (exit status 0)
2024-02-09 21:42:21,126 INFO supervisord started with pid 1
2024-02-09 21:42:22,128 INFO spawned: 'fastapi' with pid 9
2024-02-09 21:42:22,130 INFO spawned: 'jupyter' with pid 10
2024-02-09 21:42:22,629 INFO exited: fastapi (exit status 1; not expected)
2024-02-09 21:42:23,786 INFO spawned: 'fastapi' with pid 13
2024-02-09 21:42:23,787 INFO success: jupyter entered RUNNING state, process has stayed up for > than 1 seconds (startsecs)
2024-02-09 21:42:24,176 INFO exited: fastapi (exit status 1; not expected)
2024-02-09 21:42:26,179 INFO spawned: 'fastapi' with pid 15
2024-02-09 21:42:26,552 INFO exited: fastapi (exit status 1; not expected)
2024-02-09 21:42:29,557 INFO spawned: 'fastapi' with pid 17
2024-02-09 21:42:29,927 INFO exited: fastapi (exit status 1; not expected)
2024-02-09 21:42:30,929 INFO gave up: fastapi entered FATAL state, too many start retries too quickly
2024-02-09 21:52:03,522 WARN received SIGTERM indicating exit request
2024-02-09 21:52:03,525 INFO waiting for jupyter to die
2024-02-09 21:52:03,824 INFO stopped: jupyter (exit status 0)
2024-02-09 21:52:05,531 INFO supervisord started with pid 1
2024-02-09 21:52:06,534 INFO spawned: 'fastapi' with pid 9
2024-02-09 21:52:06,535 INFO spawned: 'jupyter' with pid 10
2024-02-09 21:52:07,469 INFO exited: fastapi (exit status 1; not expected)
2024-02-09 21:52:07,834 INFO success: jupyter entered RUNNING state, process has stayed up for > than 1 seconds (startsecs)
2024-02-09 21:52:08,846 INFO spawned: 'fastapi' with pid 13
2024-02-09 21:52:09,569 INFO exited: fastapi (exit status 1; not expected)
2024-02-09 21:52:11,572 INFO spawned: 'fastapi' with pid 15
2024-02-09 21:52:12,209 INFO exited: fastapi (exit status 1; not expected)
2024-02-09 21:52:15,213 INFO spawned: 'fastapi' with pid 17
2024-02-09 21:52:15,600 INFO exited: fastapi (exit status 1; not expected)
2024-02-09 21:52:16,602 INFO gave up: fastapi entered FATAL state, too many start retries too quickly
2024-02-09 22:12:31,747 WARN received SIGTERM indicating exit request
2024-02-09 22:12:31,748 INFO waiting for jupyter to die
2024-02-09 22:12:31,828 INFO stopped: jupyter (exit status 0)
2024-02-09 22:14:05,721 INFO supervisord started with pid 1
2024-02-09 22:14:06,723 INFO spawned: 'fastapi' with pid 9
2024-02-09 22:14:06,724 INFO spawned: 'jupyter' with pid 10
2024-02-09 22:14:07,126 INFO exited: fastapi (exit status 1; not expected)
2024-02-09 22:14:08,264 INFO spawned: 'fastapi' with pid 13
2024-02-09 22:14:08,265 INFO success: jupyter entered RUNNING state, process has stayed up for > than 1 seconds (startsecs)
2024-02-09 22:14:08,620 INFO exited: fastapi (exit status 1; not expected)
2024-02-09 22:14:10,623 INFO spawned: 'fastapi' with pid 15
2024-02-09 22:14:10,990 INFO exited: fastapi (exit status 1; not expected)
2024-02-09 22:14:13,994 INFO spawned: 'fastapi' with pid 17
2024-02-09 22:14:14,344 INFO exited: fastapi (exit status 1; not expected)
2024-02-09 22:14:15,346 INFO gave up: fastapi entered FATAL state, too many start retries too quickly
2024-02-09 22:18:17,242 WARN received SIGTERM indicating exit request
2024-02-09 22:18:17,243 INFO waiting for jupyter to die
2024-02-09 22:18:17,326 INFO stopped: jupyter (exit status 0)
2024-02-09 22:18:25,171 INFO supervisord started with pid 1
2024-02-09 22:18:26,174 INFO spawned: 'fastapi' with pid 9
2024-02-09 22:18:26,175 INFO spawned: 'jupyter' with pid 10
2024-02-09 22:18:26,452 INFO exited: fastapi (exit status 1; not expected)
2024-02-09 22:18:27,694 INFO spawned: 'fastapi' with pid 13
2024-02-09 22:18:27,695 INFO success: jupyter entered RUNNING state, process has stayed up for > than 1 seconds (startsecs)
2024-02-09 22:18:27,917 INFO exited: fastapi (exit status 1; not expected)
2024-02-09 22:18:29,921 INFO spawned: 'fastapi' with pid 15
2024-02-09 22:18:30,163 INFO exited: fastapi (exit status 1; not expected)
2024-02-09 22:18:33,168 INFO spawned: 'fastapi' with pid 17
2024-02-09 22:18:33,393 INFO exited: fastapi (exit status 1; not expected)
2024-02-09 22:18:34,395 INFO gave up: fastapi entered FATAL state, too many start retries too quickly
2024-02-09 22:19:25,419 WARN received SIGTERM indicating exit request
2024-02-09 22:19:25,419 INFO waiting for jupyter to die
2024-02-09 22:19:25,504 INFO stopped: jupyter (exit status 0)
2024-02-09 22:19:26,384 INFO supervisord started with pid 1
2024-02-09 22:19:27,386 INFO spawned: 'fastapi' with pid 9
2024-02-09 22:19:27,388 INFO spawned: 'jupyter' with pid 10
2024-02-09 22:19:27,633 INFO exited: fastapi (exit status 1; not expected)
2024-02-09 22:19:28,923 INFO spawned: 'fastapi' with pid 13
2024-02-09 22:19:28,924 INFO success: jupyter entered RUNNING state, process has stayed up for > than 1 seconds (startsecs)
2024-02-09 22:19:29,176 INFO exited: fastapi (exit status 1; not expected)
2024-02-09 22:19:31,179 INFO spawned: 'fastapi' with pid 15
2024-02-09 22:19:31,435 INFO exited: fastapi (exit status 1; not expected)
2024-02-09 22:19:34,439 INFO spawned: 'fastapi' with pid 17
2024-02-09 22:19:34,672 INFO exited: fastapi (exit status 1; not expected)
2024-02-09 22:19:35,674 INFO gave up: fastapi entered FATAL state, too many start retries too quickly
2024-02-09 22:49:06,882 WARN received SIGTERM indicating exit request
2024-02-09 22:49:06,883 INFO waiting for jupyter to die
2024-02-09 22:49:06,978 INFO stopped: jupyter (exit status 0)
2024-02-16 05:11:33,308 INFO supervisord started with pid 1
2024-02-16 05:11:34,311 INFO spawned: 'fastapi' with pid 9
2024-02-16 05:11:34,315 INFO spawned: 'jupyter' with pid 10
2024-02-16 05:11:34,864 INFO exited: fastapi (exit status 1; not expected)
2024-02-16 05:11:35,472 INFO success: jupyter entered RUNNING state, process has stayed up for > than 1 seconds (startsecs)
2024-02-16 05:11:36,481 INFO spawned: 'fastapi' with pid 13
2024-02-16 05:11:36,826 INFO exited: fastapi (exit status 1; not expected)
2024-02-16 05:11:38,830 INFO spawned: 'fastapi' with pid 15
2024-02-16 05:11:39,149 INFO exited: fastapi (exit status 1; not expected)
2024-02-16 05:11:42,156 INFO spawned: 'fastapi' with pid 17
2024-02-16 05:11:42,481 INFO exited: fastapi (exit status 1; not expected)
2024-02-16 05:11:43,482 INFO gave up: fastapi entered FATAL state, too many start retries too quickly
2024-02-16 05:12:31,319 WARN received SIGTERM indicating exit request
2024-02-16 05:12:31,320 INFO waiting for jupyter to die
2024-02-16 05:12:31,456 INFO stopped: jupyter (exit status 0)
2024-02-16 05:19:51,109 INFO supervisord started with pid 1
2024-02-16 05:19:52,112 INFO spawned: 'fastapi' with pid 9
2024-02-16 05:19:52,115 INFO spawned: 'jupyter' with pid 10
2024-02-16 05:19:52,532 INFO exited: fastapi (exit status 1; not expected)
2024-02-16 05:19:54,091 INFO spawned: 'fastapi' with pid 13
2024-02-16 05:19:54,092 INFO success: jupyter entered RUNNING state, process has stayed up for > than 1 seconds (startsecs)
2024-02-16 05:19:54,525 INFO exited: fastapi (exit status 1; not expected)
2024-02-16 05:19:56,530 INFO spawned: 'fastapi' with pid 15
2024-02-16 05:19:56,942 INFO exited: fastapi (exit status 1; not expected)
2024-02-16 05:19:59,948 INFO spawned: 'fastapi' with pid 17
2024-02-16 05:20:00,272 INFO exited: fastapi (exit status 1; not expected)
2024-02-16 05:20:01,273 INFO gave up: fastapi entered FATAL state, too many start retries too quickly
2024-02-16 05:22:57,755 WARN received SIGTERM indicating exit request
2024-02-16 05:22:57,756 INFO waiting for jupyter to die
2024-02-16 05:22:57,914 INFO stopped: jupyter (exit status 0)
2024-02-16 05:23:04,336 INFO supervisord started with pid 1
2024-02-16 05:23:05,339 INFO spawned: 'fastapi' with pid 9
2024-02-16 05:23:05,342 INFO spawned: 'jupyter' with pid 10
2024-02-16 05:23:05,697 INFO exited: fastapi (exit status 1; not expected)
2024-02-16 05:23:07,160 INFO spawned: 'fastapi' with pid 13
2024-02-16 05:23:07,160 INFO success: jupyter entered RUNNING state, process has stayed up for > than 1 seconds (startsecs)
2024-02-16 05:23:07,503 INFO exited: fastapi (exit status 1; not expected)
2024-02-16 05:23:09,509 INFO spawned: 'fastapi' with pid 15
2024-02-16 05:23:09,844 INFO exited: fastapi (exit status 1; not expected)
2024-02-16 05:23:12,851 INFO spawned: 'fastapi' with pid 17
2024-02-16 05:23:13,197 INFO exited: fastapi (exit status 1; not expected)
2024-02-16 05:23:14,199 INFO gave up: fastapi entered FATAL state, too many start retries too quickly
